<?xml version="1.0" encoding="utf-8" standalone="no"?>
<test-run id="2" testcasecount="0" result="Failed" label="Invalid" total="0" passed="0" failed="0" inconclusive="0" skipped="0" asserts="0" engine-version="3.7.0.0" clr-version="4.0.30319.42000" start-time="2017-09-20 11:18:39Z" end-time="2017-09-20 11:18:39Z" duration="0.259701">
  <command-line><![CDATA["C:\Program Files (x86)\NUnit.org\nunit-console\nunit3-console.exe" after/bank/account.dll]]></command-line>
  <test-suite type="Assembly" id="0-1" name="account.dll" fullname="C:\Users\lavery\.babun\cygwin\home\lavery\net\after\bank\account.dll" testcasecount="0" runstate="NotRunnable" result="Failed" label="Invalid">
    <properties>
      <property name="_SKIPREASON" value="No suitable tests found in 'C:\Users\lavery\.babun\cygwin\home\lavery\net\after\bank\account.dll'.&#xA;Either assembly contains no tests or proper test driver has not been found." />
    </properties>
    <reason>
      <message>No suitable tests found in 'C:\Users\lavery\.babun\cygwin\home\lavery\net\after\bank\account.dll'.
Either assembly contains no tests or proper test driver has not been found.</message>
    </reason>
  </test-suite>
</test-run>